<?xml version="1.0" encoding="UTF-8" ?>
<testsuite tests="3" failures="1" name="no.hvl.dat251.RunCucumberTest" time="0.18" errors="0" skipped="0">
  <properties>
[...]
</properties>
  <testcase classname="Splitte et navn i fornavn og etternavn" name="Ett fornavn og ett etternavn" time="0.161"/>
  <testcase classname="Splitte et navn i fornavn og etternavn" name="Ett fornavn og ett etternavn" time="0.004"/>
  <testcase classname="Splitte et navn i fornavn og etternavn" name="Ett fornavn og ett etternavn" time="0.015">
    <failure message="expected: &lt;Per Per&gt; but was: &lt;Per&gt;" type="org.opentest4j.AssertionFailedError">org.opentest4j.AssertionFailedError: expected: &lt;Per Per&gt; but was: &lt;Per&gt;
	at org.junit.jupiter.api.AssertionUtils.fail(AssertionUtils.java:55)
	at org.junit.jupiter.api.AssertionUtils.failNotEqual(AssertionUtils.java:62)
	at org.junit.jupiter.api.AssertEquals.assertEquals(AssertEquals.java:182)
	at org.junit.jupiter.api.AssertEquals.assertEquals(AssertEquals.java:177)
	at org.junit.jupiter.api.Assertions.assertEquals(Assertions.java:1124)
	at no.hvl.dat251.SplittingNamesSteps.fornavnet_blir(SplittingNamesSteps.java:24)
	at ✽.Fornavnet blir &quot;Per Per&quot;(classpath:no/hvl/dat251/splitting_names_tabs.feature:8)
</failure>
    <system-out>
Scenario Outline: Ett fornavn og ett etternavn &amp;#27;[90m# no/hvl/dat251/splitting_names_tabs.feature:15&amp;#27;[0m
  &amp;#27;[32mGiven &amp;#27;[0m&amp;#27;[32mNavnet er &amp;#27;[0m&amp;#27;[32m&amp;#27;[1m&quot;Per Per Os&quot;&amp;#27;[0m                 &amp;#27;[90m# no.hvl.dat251.SplittingNamesSteps.navnet_er(java.lang.String)&amp;#27;[0m
  &amp;#27;[32mWhen &amp;#27;[0m&amp;#27;[32mVi splitter navnet&amp;#27;[0m                      &amp;#27;[90m# no.hvl.dat251.SplittingNamesSteps.vi_splitter_navnet()&amp;#27;[0m
  &amp;#27;[31mThen &amp;#27;[0m&amp;#27;[31mFornavnet blir &amp;#27;[0m&amp;#27;[31m&amp;#27;[1m&quot;Per Per&quot;&amp;#27;[0m                &amp;#27;[90m# no.hvl.dat251.SplittingNamesSteps.fornavnet_blir(java.lang.String)&amp;#27;[0m
      &amp;#27;[31morg.opentest4j.AssertionFailedError: expected: &lt;Per Per&gt; but was: &lt;Per&gt;
	at org.junit.jupiter.api.AssertionUtils.fail(AssertionUtils.java:55)
	at org.junit.jupiter.api.AssertionUtils.failNotEqual(AssertionUtils.java:62)
	at org.junit.jupiter.api.AssertEquals.assertEquals(AssertEquals.java:182)
	at org.junit.jupiter.api.AssertEquals.assertEquals(AssertEquals.java:177)
	at org.junit.jupiter.api.Assertions.assertEquals(Assertions.java:1124)
	at no.hvl.dat251.SplittingNamesSteps.fornavnet_blir(SplittingNamesSteps.java:24)
	at ?.Fornavnet blir &quot;Per Per&quot;(classpath:no/hvl/dat251/splitting_names_tabs.feature:8)
&amp;#27;[0m
  &amp;#27;[36mAnd &amp;#27;[0m&amp;#27;[36mEtternavnet blir &amp;#27;[0m&amp;#27;[36m&amp;#27;[1m&quot;Os&quot;&amp;#27;[0m                    &amp;#27;[90m# no.hvl.dat251.SplittingNamesSteps.etternavnet_blir(java.lang.String)&amp;#27;[0m
</system-out>
  </testcase>
</testsuite>